<?xml version="1.0" encoding="UTF-8"?>
<!-- Generated by org.testng.reporters.JUnitXMLReporter -->
<testsuite ignored="12" hostname="COLLABPH1002991" failures="3" tests="4" name="Test" time="55.798" errors="0" timestamp="2023-12-19T14:27:05 PST">
  <testcase classname="scripts.MB01_ValidateLoginPage" name="MB_01" time="28.548"/>
  <testcase classname="scripts.MB02_ValidateCheckTransfer" name="MB_02" time="0.002">
    <failure type="java.lang.IllegalArgumentException" message="Input must be set">
      <![CDATA[java.lang.IllegalArgumentException: Input must be set
at org.openqa.selenium.internal.Require.nonNull(Require.java:60)
at org.openqa.selenium.support.ui.FluentWait.<init>(FluentWait.java:94)
at org.openqa.selenium.support.ui.WebDriverWait.<init>(WebDriverWait.java:74)
at org.openqa.selenium.support.ui.WebDriverWait.<init>(WebDriverWait.java:43)
at common.BaseMethods.<init>(BaseMethods.java:35)
at pageMethods.CheckTransferMethods.<init>(CheckTransferMethods.java:17)
at scripts.MB02_ValidateCheckTransfer.MB_02(MB02_ValidateCheckTransfer.java:14)
at java.base/java.util.ArrayList.forEach(ArrayList.java:1511)
... Removed 27 stack frames]]>
    </failure>
  </testcase> <!-- MB_02 -->
  <testcase classname="scripts.MB03_ValidateBankTransfer" name="MB_03" time="0.002">
    <failure type="java.lang.IllegalArgumentException" message="Input must be set">
      <![CDATA[java.lang.IllegalArgumentException: Input must be set
at org.openqa.selenium.internal.Require.nonNull(Require.java:60)
at org.openqa.selenium.support.ui.FluentWait.<init>(FluentWait.java:94)
at org.openqa.selenium.support.ui.WebDriverWait.<init>(WebDriverWait.java:74)
at org.openqa.selenium.support.ui.WebDriverWait.<init>(WebDriverWait.java:43)
at common.BaseMethods.<init>(BaseMethods.java:35)
at pageMethods.BankTransferMethods.<init>(BankTransferMethods.java:18)
at scripts.MB03_ValidateBankTransfer.MB_03(MB03_ValidateBankTransfer.java:15)
at java.base/java.util.ArrayList.forEach(ArrayList.java:1511)
... Removed 27 stack frames]]>
    </failure>
  </testcase> <!-- MB_03 -->
  <testcase classname="scripts.MB04_ValidateWithdrawalAmount" name="MB_04" time="0.001">
    <failure type="java.lang.IllegalArgumentException" message="Input must be set">
      <![CDATA[java.lang.IllegalArgumentException: Input must be set
at org.openqa.selenium.internal.Require.nonNull(Require.java:60)
at org.openqa.selenium.support.ui.FluentWait.<init>(FluentWait.java:94)
at org.openqa.selenium.support.ui.WebDriverWait.<init>(WebDriverWait.java:74)
at org.openqa.selenium.support.ui.WebDriverWait.<init>(WebDriverWait.java:43)
at common.BaseMethods.<init>(BaseMethods.java:35)
at pageMethods.WithdrawalMethods.<init>(WithdrawalMethods.java:24)
at scripts.MB04_ValidateWithdrawalAmount.MB_04(MB04_ValidateWithdrawalAmount.java:16)
at java.base/java.util.ArrayList.forEach(ArrayList.java:1511)
... Removed 27 stack frames]]>
    </failure>
  </testcase> <!-- MB_04 -->
  <testcase classname="common.BaseClass" name="@BeforeSuite setupReport" time="0.0">
    <ignored/>
  </testcase> <!-- @BeforeSuite setupReport -->
  <testcase classname="common.BaseClass" name="@BeforeTest setUpRunEnv" time="0.0">
    <ignored/>
  </testcase> <!-- @BeforeTest setUpRunEnv -->
  <testcase classname="common.BaseClass" name="@AfterSuite endTest" time="0.0">
    <ignored/>
  </testcase> <!-- @AfterSuite endTest -->
  <testcase classname="common.BaseClass" name="@AfterTest tearDown" time="0.0">
    <ignored/>
  </testcase> <!-- @AfterTest tearDown -->
  <testcase classname="common.BaseClass" name="@BeforeTest setUpRunEnv" time="0.0">
    <ignored/>
  </testcase> <!-- @BeforeTest setUpRunEnv -->
  <testcase classname="common.BaseClass" name="@BeforeSuite setupReport" time="0.0">
    <ignored/>
  </testcase> <!-- @BeforeSuite setupReport -->
  <testcase classname="common.BaseClass" name="@BeforeTest setUpRunEnv" time="0.0">
    <ignored/>
  </testcase> <!-- @BeforeTest setUpRunEnv -->
  <testcase classname="common.BaseClass" name="@AfterSuite endTest" time="0.0">
    <ignored/>
  </testcase> <!-- @AfterSuite endTest -->
  <testcase classname="common.BaseClass" name="@AfterTest tearDown" time="0.0">
    <ignored/>
  </testcase> <!-- @AfterTest tearDown -->
  <testcase classname="common.BaseClass" name="@AfterSuite endTest" time="0.0">
    <ignored/>
  </testcase> <!-- @AfterSuite endTest -->
  <testcase classname="common.BaseClass" name="@BeforeSuite setupReport" time="0.0">
    <ignored/>
  </testcase> <!-- @BeforeSuite setupReport -->
  <testcase classname="common.BaseClass" name="@AfterTest tearDown" time="0.0">
    <ignored/>
  </testcase> <!-- @AfterTest tearDown -->
</testsuite> <!-- Test -->
